info: Using preferred locale 'en-GB'
info: CPU Name: Apple M1 Max
info: CPU Speed: 2400MHz
info: Physical Cores: 10, Logical Cores: 10
info: Physical Memory: 32768MB Total
info: OS Name: Mac OS X
info: OS Version: Version 12.3.1 (Build 21E258)
info: Kernel Version: 21.4.0
info: hotkeys-cocoa: Using layout 'com.apple.keylayout.Canadian'
info: Current Date/Time: 2022-09-01, 21:31:28
info: Browser Hardware Acceleration: true
info: Portable mode: false
info: OBS 27.1.3 (mac)
info: ---------------------------------
info: ---------------------------------
info: audio settings reset:
	samples per sec: 48000
	speakers:        2
info: ---------------------------------
info: Initializing OpenGL...
info: Loading up OpenGL on adapter Apple Apple M1 Max
info: OpenGL loaded successfully, version 4.1 Metal - 76.3, shading language 4.10
info: ---------------------------------
info: video settings reset:
	base resolution:   1920x1080
	output resolution: 1280x720
	downscale filter:  Bicubic
	fps:               30/1
	format:            NV12
	YUV mode:          709/Partial
info: NV12 texture support not available
info: Audio monitoring device:
	name: Default
	id: default
info: ---------------------------------
warning: Failed to load 'en-GB' text for module: 'coreaudio-encoder.so'
warning: Failed to load 'en-US' text for module: 'decklink-captions.so'
warning: Failed to load 'en-US' text for module: 'decklink-ouput-ui.so'
warning: [Python] Could not load library: libpython3.9.dylib
warning: Failed to load 'en-GB' text for module: 'mac-capture.so'
warning: A DeckLink iterator could not be created.  The DeckLink drivers may not be installed
info: No blackmagic support
info: [mac-virtualcam] version=1.3.0
warning: Failed to load 'en-GB' text for module: 'mac-vth264.so'
info: [VideoToolbox encoder]: Adding VideoToolbox H264 encoders
warning: Failed to load 'en-GB' text for module: 'obs-browser.so'
info: [obs-browser]: Version 2.16.3
info: [obs-browser]: CEF Version 85.0.0-HEAD.2273+g93b66a0+chromium-85.0.4183.121
warning: Failed to load 'en-GB' text for module: 'obs-vst.so'
warning: Failed to load 'en-GB' text for module: 'obs-x264.so'
warning: Failed to load 'en-GB' text for module: 'rtmp-services.so'
info: Couldn't find VLC installation, VLC video source disabled
warning: Failed to load 'en-GB' text for module: 'obs-websocket.so'
info: [obs-websocket] [obs_module_load] you can haz websockets (Version: 5.0.1 | RPC Version: 1)
info: [obs-websocket] [obs_module_load] Qt version (compile-time): 5.15.2 | Qt version (run-time): 5.15.2
info: [obs-websocket] [obs_module_load] Linked ASIO Version: 101201
info: [obs-websocket] [obs_module_load] Module loaded.
info: ---------------------------------
info:   Loaded Modules:
info:     obs-websocket.so
info:     vlc-video.so
info:     text-freetype2.so
info:     rtmp-services.so
info:     obs-x264.so
info:     obs-vst.so
info:     obs-transitions.so
info:     obs-outputs.so
info:     obs-filters.so
info:     obs-ffmpeg.so
info:     obs-browser.so
info:     mac-vth264.so
info:     mac-virtualcam.so
info:     mac-syphon.so
info:     mac-decklink.so
info:     mac-capture.so
info:     mac-avcapture.so
info:     image-source.so
info:     frontend-tools.so
info:     decklink-ouput-ui.so
info:     decklink-captions.so
info:     coreaudio-encoder.so
info: ---------------------------------
info: ==== Startup complete ===============================================
info: All scene data cleared
info: ------------------------------------------------
info: coreaudio: device 'MacBook Pro Microphone' initialized
info: [Loaded global audio device]: 'Mic/Aux'
info: Switched to scene 'Scene'
info: ------------------------------------------------
info: Loaded scenes:
info: - scene 'Scene':
info:     - source: 'MONITOR' (display_capture)
info: ------------------------------------------------
info: adding 21 milliseconds of audio buffering, total audio buffering is now 21 milliseconds (source: Mic/Aux)

warning: signal_handler_connect: signal 'audio_balance' not found
warning: signal_handler_connect: signal 'audio_monitoring' not found
warning: signal_handler_connect: signal 'audio_balance' not found
warning: signal_handler_connect: signal 'audio_monitoring' not found
info: [obs-websocket] [WebSocketServer::onObsLoaded] WebSocket server is enabled, starting...
info: [obs-websocket] [WebSocketServer::Start] Not locked to IPv4 bindings
info: [obs-websocket] [WebSocketServer::ServerRunner] IO thread started.
info: [obs-websocket] [WebSocketServer::Start] Server started successfully on port 4455. Possible connect address: 192.168.1.4
info: ==== Shutting down ==================================================
info: All scene data cleared
info: ------------------------------------------------
info: [obs-websocket] [obs_module_unload] Shutting down...
info: [obs-websocket] [WebSocketServer::ServerRunner] IO thread exited.
info: [obs-websocket] [WebSocketServer::Stop] Server stopped successfully
info: [obs-websocket] [obs_module_unload] Finished shutting down.
info: [Scripting] Total detached callbacks: 0
info: Freeing OBS context data
info: == Profiler Results =============================
info: run_program_init: 2943.84 ms
info:  ┣OBSApp::AppInit: 8.421 ms
info:  ┃ ┗OBSApp::InitLocale: 3.748 ms
info:  ┗OBSApp::OBSInit: 2651.38 ms
info:    ┣obs_startup: 74.905 ms
info:    ┗OBSBasic::OBSInit: 2406.02 ms
info:      ┣OBSBasic::InitBasicConfig: 0.248 ms
info:      ┣OBSBasic::ResetAudio: 0.325 ms
info:      ┣OBSBasic::ResetVideo: 220.644 ms
info:      ┣OBSBasic::InitOBSCallbacks: 0.007 ms
info:      ┣OBSBasic::InitHotkeys: 0.4 ms
info:      ┣obs_load_all_modules: 1957.05 ms
info:      ┃ ┣obs_init_module(coreaudio-encoder.so): 0.016 ms
info:      ┃ ┣obs_init_module(decklink-captions.so): 0.13 ms
info:      ┃ ┣obs_init_module(decklink-ouput-ui.so): 0.887 ms
info:      ┃ ┣obs_init_module(frontend-tools.so): 7.183 ms
info:      ┃ ┣obs_init_module(image-source.so): 0.01 ms
info:      ┃ ┣obs_init_module(mac-avcapture.so): 1293.4 ms
info:      ┃ ┣obs_init_module(mac-capture.so): 0.009 ms
info:      ┃ ┣obs_init_module(mac-decklink.so): 0.236 ms
info:      ┃ ┣obs_init_module(mac-syphon.so): 0.003 ms
info:      ┃ ┣obs_init_module(mac-virtualcam.so): 0.278 ms
info:      ┃ ┣obs_init_module(mac-vth264.so): 115.187 ms
info:      ┃ ┣obs_init_module(obs-browser.so): 284.234 ms
info:      ┃ ┣obs_init_module(obs-ffmpeg.so): 0.011 ms
info:      ┃ ┣obs_init_module(obs-filters.so): 0.02 ms
info:      ┃ ┣obs_init_module(obs-outputs.so): 0.037 ms
info:      ┃ ┣obs_init_module(obs-transitions.so): 0.007 ms
info:      ┃ ┣obs_init_module(obs-vst.so): 0.004 ms
info:      ┃ ┣obs_init_module(obs-x264.so): 0.004 ms
info:      ┃ ┣obs_init_module(rtmp-services.so): 1.64 ms
info:      ┃ ┣obs_init_module(text-freetype2.so): 0.04 ms
info:      ┃ ┣obs_init_module(vlc-video.so): 0.106 ms
info:      ┃ ┗obs_init_module(obs-websocket.so): 10.105 ms
info:      ┣OBSBasic::ResetOutputs: 43.062 ms
info:      ┣OBSBasic::CreateHotkeys: 0.062 ms
info:      ┣OBSBasic::InitService: 1.829 ms
info:      ┣OBSBasic::InitPrimitives: 0.108 ms
info:      ┗OBSBasic::Load: 120.723 ms
info: obs_hotkey_thread(25 ms): min=0.6 ms, median=1.507 ms, max=42.81 ms, 99th percentile=4.692 ms, 99.8718% below 25 ms
info: audio_thread(Audio): min=0.007 ms, median=0.07 ms, max=1.826 ms, 99th percentile=0.454 ms
info: obs_graphics_thread(33.3333 ms): min=0.095 ms, median=3.859 ms, max=40.323 ms, 99th percentile=10.303 ms, 99.859% below 33.333 ms
info:  ┣tick_sources: min=0 ms, median=0.023 ms, max=27.01 ms, 99th percentile=0.349 ms
info:  ┣output_frame: min=0.091 ms, median=0.89 ms, max=8.841 ms, 99th percentile=3.919 ms
info:  ┃ ┗gs_context(video->graphics): min=0.09 ms, median=0.889 ms, max=8.838 ms, 99th percentile=3.917 ms
info:  ┃   ┣render_video: min=0.02 ms, median=0.242 ms, max=6.307 ms, 99th percentile=2.021 ms
info:  ┃   ┃ ┗render_main_texture: min=0.018 ms, median=0.225 ms, max=6.278 ms, 99th percentile=1.997 ms
info:  ┃   ┗gs_flush: min=0.062 ms, median=0.574 ms, max=7.552 ms, 99th percentile=3.374 ms
info:  ┗render_displays: min=0.001 ms, median=2.592 ms, max=40.115 ms, 99th percentile=8.726 ms
info: =================================================
info: == Profiler Time Between Calls ==================
info: obs_hotkey_thread(25 ms): min=25.73 ms, median=31.085 ms, max=72.828 ms, 0% within ±2% of 25 ms (0% lower, 100% higher)
info: obs_graphics_thread(33.3333 ms): min=26.299 ms, median=33.338 ms, max=40.342 ms, 36.5819% within ±2% of 33.333 ms (30.9322% lower, 32.4859% higher)
info: =================================================
info: Number of memory leaks: 0
info: Using preferred locale 'en-GB'
info: CPU Name: Apple M1 Max
info: CPU Speed: 2400MHz
info: Physical Cores: 10, Logical Cores: 10
info: Physical Memory: 32768MB Total
info: OS Name: Mac OS X
info: OS Version: Version 12.3.1 (Build 21E258)
info: Kernel Version: 21.4.0
info: hotkeys-cocoa: Using layout 'com.apple.keylayout.Canadian'
info: Current Date/Time: 2022-09-01, 21:34:10
info: Browser Hardware Acceleration: true
info: Portable mode: false
info: OBS 27.1.3 (mac)
info: ---------------------------------
info: ---------------------------------
info: audio settings reset:
	samples per sec: 48000
	speakers:        2
info: ---------------------------------
info: Initializing OpenGL...
info: Loading up OpenGL on adapter Apple Apple M1 Max
info: OpenGL loaded successfully, version 4.1 Metal - 76.3, shading language 4.10
info: ---------------------------------
info: video settings reset:
	base resolution:   1920x1080
	output resolution: 1280x720
	downscale filter:  Bicubic
	fps:               30/1
	format:            NV12
	YUV mode:          709/Partial
info: NV12 texture support not available
info: Audio monitoring device:
	name: Default
	id: default
info: ---------------------------------
warning: Failed to load 'en-GB' text for module: 'coreaudio-encoder.so'
warning: Failed to load 'en-US' text for module: 'decklink-captions.so'
warning: Failed to load 'en-US' text for module: 'decklink-ouput-ui.so'
warning: [Python] Could not load library: libpython3.9.dylib
warning: Failed to load 'en-GB' text for module: 'mac-capture.so'
warning: A DeckLink iterator could not be created.  The DeckLink drivers may not be installed
info: No blackmagic support
info: [mac-virtualcam] version=1.3.0
warning: Failed to load 'en-GB' text for module: 'mac-vth264.so'
info: [VideoToolbox encoder]: Adding VideoToolbox H264 encoders
warning: Failed to load 'en-GB' text for module: 'obs-browser.so'
info: [obs-browser]: Version 2.16.3
info: [obs-browser]: CEF Version 85.0.0-HEAD.2273+g93b66a0+chromium-85.0.4183.121
warning: Failed to load 'en-GB' text for module: 'obs-vst.so'
warning: Failed to load 'en-GB' text for module: 'obs-x264.so'
warning: Failed to load 'en-GB' text for module: 'rtmp-services.so'
info: Couldn't find VLC installation, VLC video source disabled
warning: Failed to load 'en-GB' text for module: 'obs-websocket.so'
info: [obs-websocket] [obs_module_load] you can haz websockets (Version: 5.0.1 | RPC Version: 1)
info: [obs-websocket] [obs_module_load] Qt version (compile-time): 5.15.2 | Qt version (run-time): 5.15.2
info: [obs-websocket] [obs_module_load] Linked ASIO Version: 101201
info: [obs-websocket] [obs_module_load] Module loaded.
info: ---------------------------------
info:   Loaded Modules:
info:     obs-websocket.so
info:     vlc-video.so
info:     text-freetype2.so
info:     rtmp-services.so
info:     obs-x264.so
info:     obs-vst.so
info:     obs-transitions.so
info:     obs-outputs.so
info:     obs-filters.so
info:     obs-ffmpeg.so
info:     obs-browser.so
info:     mac-vth264.so
info:     mac-virtualcam.so
info:     mac-syphon.so
info:     mac-decklink.so
info:     mac-capture.so
info:     mac-avcapture.so
info:     image-source.so
info:     frontend-tools.so
info:     decklink-ouput-ui.so
info:     decklink-captions.so
info:     coreaudio-encoder.so
info: ---------------------------------
info: ==== Startup complete ===============================================
info: All scene data cleared
info: ------------------------------------------------
info: coreaudio: device 'MacBook Pro Microphone' initialized
info: [Loaded global audio device]: 'Mic/Aux'
info: adding 21 milliseconds of audio buffering, total audio buffering is now 21 milliseconds (source: Mic/Aux)

info: Switched to scene 'Scene'
info: ------------------------------------------------
info: Loaded scenes:
info: - scene 'Scene':
info:     - source: 'MONITOR' (display_capture)
info: ------------------------------------------------
warning: signal_handler_connect: signal 'audio_balance' not found
warning: signal_handler_connect: signal 'audio_monitoring' not found
warning: signal_handler_connect: signal 'audio_balance' not found
warning: signal_handler_connect: signal 'audio_monitoring' not found
info: [obs-websocket] [WebSocketServer::onObsLoaded] WebSocket server is enabled, starting...
info: [obs-websocket] [WebSocketServer::Start] Not locked to IPv4 bindings
info: [obs-websocket] [WebSocketServer::ServerRunner] IO thread started.
info: [obs-websocket] [WebSocketServer::Start] Server started successfully on port 4455. Possible connect address: 192.168.1.4
info: ==== Shutting down ==================================================
info: All scene data cleared
info: ------------------------------------------------
info: [obs-websocket] [obs_module_unload] Shutting down...
info: [obs-websocket] [WebSocketServer::ServerRunner] IO thread exited.
info: [obs-websocket] [WebSocketServer::Stop] Server stopped successfully
info: [obs-websocket] [obs_module_unload] Finished shutting down.
info: [Scripting] Total detached callbacks: 0
info: Freeing OBS context data
info: == Profiler Results =============================
info: run_program_init: 2003.31 ms
info:  ┣OBSApp::AppInit: 3.42 ms
info:  ┃ ┗OBSApp::InitLocale: 1.83 ms
info:  ┗OBSApp::OBSInit: 1858.75 ms
info:    ┣obs_startup: 30.07 ms
info:    ┗OBSBasic::OBSInit: 1741.8 ms
info:      ┣OBSBasic::InitBasicConfig: 0.197 ms
info:      ┣OBSBasic::ResetAudio: 0.112 ms
info:      ┣OBSBasic::ResetVideo: 151.734 ms
info:      ┣OBSBasic::InitOBSCallbacks: 0.007 ms
info:      ┣OBSBasic::InitHotkeys: 0.043 ms
info:      ┣obs_load_all_modules: 1415.42 ms
info:      ┃ ┣obs_init_module(coreaudio-encoder.so): 0.003 ms
info:      ┃ ┣obs_init_module(decklink-captions.so): 0.125 ms
info:      ┃ ┣obs_init_module(decklink-ouput-ui.so): 0.541 ms
info:      ┃ ┣obs_init_module(frontend-tools.so): 3.119 ms
info:      ┃ ┣obs_init_module(image-source.so): 0.007 ms
info:      ┃ ┣obs_init_module(mac-avcapture.so): 1227.26 ms
info:      ┃ ┣obs_init_module(mac-capture.so): 0.034 ms
info:      ┃ ┣obs_init_module(mac-decklink.so): 0.309 ms
info:      ┃ ┣obs_init_module(mac-syphon.so): 0.008 ms
info:      ┃ ┣obs_init_module(mac-virtualcam.so): 0.16 ms
info:      ┃ ┣obs_init_module(mac-vth264.so): 93.892 ms
info:      ┃ ┣obs_init_module(obs-browser.so): 22.976 ms
info:      ┃ ┣obs_init_module(obs-ffmpeg.so): 0.007 ms
info:      ┃ ┣obs_init_module(obs-filters.so): 0.018 ms
info:      ┃ ┣obs_init_module(obs-outputs.so): 0.004 ms
info:      ┃ ┣obs_init_module(obs-transitions.so): 0.005 ms
info:      ┃ ┣obs_init_module(obs-vst.so): 0.004 ms
info:      ┃ ┣obs_init_module(obs-x264.so): 0.001 ms
info:      ┃ ┣obs_init_module(rtmp-services.so): 0.885 ms
info:      ┃ ┣obs_init_module(text-freetype2.so): 0.02 ms
info:      ┃ ┣obs_init_module(vlc-video.so): 0.091 ms
info:      ┃ ┗obs_init_module(obs-websocket.so): 6.925 ms
info:      ┣OBSBasic::ResetOutputs: 10.618 ms
info:      ┣OBSBasic::CreateHotkeys: 0.045 ms
info:      ┣OBSBasic::InitService: 1.42 ms
info:      ┣OBSBasic::InitPrimitives: 0.1 ms
info:      ┗OBSBasic::Load: 111.313 ms
info: obs_hotkey_thread(25 ms): min=0.513 ms, median=1.493 ms, max=5.534 ms, 99th percentile=4.943 ms, 100% below 25 ms
info: audio_thread(Audio): min=0.008 ms, median=0.051 ms, max=1.335 ms, 99th percentile=1.102 ms
info: obs_graphics_thread(33.3333 ms): min=0.124 ms, median=2.555 ms, max=33.627 ms, 99th percentile=17.413 ms, 99.2593% below 33.333 ms
info:  ┣tick_sources: min=0 ms, median=0.025 ms, max=33.368 ms, 99th percentile=0.178 ms
info:  ┣output_frame: min=0.118 ms, median=0.878 ms, max=4.533 ms, 99th percentile=4.347 ms
info:  ┃ ┗gs_context(video->graphics): min=0.118 ms, median=0.877 ms, max=4.531 ms, 99th percentile=4.346 ms
info:  ┃   ┣render_video: min=0.025 ms, median=0.266 ms, max=0.875 ms, 99th percentile=0.766 ms
info:  ┃   ┃ ┗render_main_texture: min=0.023 ms, median=0.241 ms, max=0.849 ms, 99th percentile=0.744 ms
info:  ┃   ┗gs_flush: min=0.084 ms, median=0.639 ms, max=4.151 ms, 99th percentile=3.948 ms
info:  ┗render_displays: min=0.001 ms, median=1.394 ms, max=16.84 ms, 99th percentile=11.252 ms
info: =================================================
info: == Profiler Time Between Calls ==================
info: obs_hotkey_thread(25 ms): min=25.703 ms, median=30.786 ms, max=36.271 ms, 0% within ±2% of 25 ms (0% lower, 100% higher)
info: obs_graphics_thread(33.3333 ms): min=29.044 ms, median=33.328 ms, max=39.56 ms, 40.2985% within ±2% of 33.333 ms (32.0896% lower, 27.6119% higher)
info: =================================================
info: Number of memory leaks: 0
info: Using preferred locale 'en-GB'
info: CPU Name: Apple M1 Max
info: CPU Speed: 2400MHz
info: Physical Cores: 10, Logical Cores: 10
info: Physical Memory: 32768MB Total
info: OS Name: Mac OS X
info: OS Version: Version 12.3.1 (Build 21E258)
info: Kernel Version: 21.4.0
info: hotkeys-cocoa: Using layout 'com.apple.keylayout.Canadian'
info: Current Date/Time: 2022-09-01, 21:34:48
info: Browser Hardware Acceleration: true
info: Portable mode: false
info: OBS 27.1.3 (mac)
info: ---------------------------------
info: ---------------------------------
info: audio settings reset:
	samples per sec: 48000
	speakers:        2
info: ---------------------------------
info: Initializing OpenGL...
info: Loading up OpenGL on adapter Apple Apple M1 Max
info: OpenGL loaded successfully, version 4.1 Metal - 76.3, shading language 4.10
info: ---------------------------------
info: video settings reset:
	base resolution:   1920x1080
	output resolution: 1280x720
	downscale filter:  Bicubic
	fps:               30/1
	format:            NV12
	YUV mode:          709/Partial
info: NV12 texture support not available
info: Audio monitoring device:
	name: Default
	id: default
info: ---------------------------------
warning: Failed to load 'en-GB' text for module: 'coreaudio-encoder.so'
warning: Failed to load 'en-US' text for module: 'decklink-captions.so'
warning: Failed to load 'en-US' text for module: 'decklink-ouput-ui.so'
warning: [Python] Could not load library: libpython3.9.dylib
warning: Failed to load 'en-GB' text for module: 'mac-capture.so'
warning: A DeckLink iterator could not be created.  The DeckLink drivers may not be installed
info: No blackmagic support
info: [mac-virtualcam] version=1.3.0
warning: Failed to load 'en-GB' text for module: 'mac-vth264.so'
info: [VideoToolbox encoder]: Adding VideoToolbox H264 encoders
warning: Failed to load 'en-GB' text for module: 'obs-browser.so'
info: [obs-browser]: Version 2.16.3
info: [obs-browser]: CEF Version 85.0.0-HEAD.2273+g93b66a0+chromium-85.0.4183.121
warning: Failed to load 'en-GB' text for module: 'obs-vst.so'
warning: Failed to load 'en-GB' text for module: 'obs-x264.so'
warning: Failed to load 'en-GB' text for module: 'rtmp-services.so'
info: Couldn't find VLC installation, VLC video source disabled
warning: Failed to load 'en-GB' text for module: 'obs-websocket.so'
info: [obs-websocket] [obs_module_load] you can haz websockets (Version: 5.0.1 | RPC Version: 1)
info: [obs-websocket] [obs_module_load] Qt version (compile-time): 5.15.2 | Qt version (run-time): 5.15.2
info: [obs-websocket] [obs_module_load] Linked ASIO Version: 101201
info: [obs-websocket] [obs_module_load] Module loaded.
info: ---------------------------------
info:   Loaded Modules:
info:     obs-websocket.so
info:     vlc-video.so
info:     text-freetype2.so
info:     rtmp-services.so
info:     obs-x264.so
info:     obs-vst.so
info:     obs-transitions.so
info:     obs-outputs.so
info:     obs-filters.so
info:     obs-ffmpeg.so
info:     obs-browser.so
info:     mac-vth264.so
info:     mac-virtualcam.so
info:     mac-syphon.so
info:     mac-decklink.so
info:     mac-capture.so
info:     mac-avcapture.so
info:     image-source.so
info:     frontend-tools.so
info:     decklink-ouput-ui.so
info:     decklink-captions.so
info:     coreaudio-encoder.so
info: ---------------------------------
info: ==== Startup complete ===============================================
info: All scene data cleared
info: ------------------------------------------------
info: coreaudio: device 'MacBook Pro Microphone' initialized
info: [Loaded global audio device]: 'Mic/Aux'
info: Switched to scene 'Scene'
info: ------------------------------------------------
info: Loaded scenes:
info: - scene 'Scene':
info:     - source: 'MONITOR' (display_capture)
info: ------------------------------------------------
info: adding 42 milliseconds of audio buffering, total audio buffering is now 42 milliseconds (source: Mic/Aux)

warning: signal_handler_connect: signal 'audio_balance' not found
warning: signal_handler_connect: signal 'audio_monitoring' not found
warning: signal_handler_connect: signal 'audio_balance' not found
warning: signal_handler_connect: signal 'audio_monitoring' not found
info: [obs-websocket] [WebSocketServer::onObsLoaded] WebSocket server is enabled, starting...
info: [obs-websocket] [WebSocketServer::Start] Not locked to IPv4 bindings
info: [obs-websocket] [WebSocketServer::ServerRunner] IO thread started.
info: [obs-websocket] [WebSocketServer::Start] Server started successfully on port 4455. Possible connect address: 192.168.1.4
info: ==== Shutting down ==================================================
info: All scene data cleared
info: ------------------------------------------------
info: [obs-websocket] [obs_module_unload] Shutting down...
info: [obs-websocket] [WebSocketServer::ServerRunner] IO thread exited.
info: [obs-websocket] [WebSocketServer::Stop] Server stopped successfully
info: [obs-websocket] [obs_module_unload] Finished shutting down.
info: [Scripting] Total detached callbacks: 0
info: Freeing OBS context data
info: == Profiler Results =============================
info: run_program_init: 2000.68 ms
info:  ┣OBSApp::AppInit: 3.537 ms
info:  ┃ ┗OBSApp::InitLocale: 1.837 ms
info:  ┗OBSApp::OBSInit: 1860.01 ms
info:    ┣obs_startup: 29.755 ms
info:    ┗OBSBasic::OBSInit: 1743.84 ms
info:      ┣OBSBasic::InitBasicConfig: 0.19 ms
info:      ┣OBSBasic::ResetAudio: 0.104 ms
info:      ┣OBSBasic::ResetVideo: 153.733 ms
info:      ┣OBSBasic::InitOBSCallbacks: 0.007 ms
info:      ┣OBSBasic::InitHotkeys: 0.057 ms
info:      ┣obs_load_all_modules: 1421.84 ms
info:      ┃ ┣obs_init_module(coreaudio-encoder.so): 0.003 ms
info:      ┃ ┣obs_init_module(decklink-captions.so): 0.15 ms
info:      ┃ ┣obs_init_module(decklink-ouput-ui.so): 0.588 ms
info:      ┃ ┣obs_init_module(frontend-tools.so): 3.13 ms
info:      ┃ ┣obs_init_module(image-source.so): 0.006 ms
info:      ┃ ┣obs_init_module(mac-avcapture.so): 1235.49 ms
info:      ┃ ┣obs_init_module(mac-capture.so): 0.03 ms
info:      ┃ ┣obs_init_module(mac-decklink.so): 0.389 ms
info:      ┃ ┣obs_init_module(mac-syphon.so): 0.007 ms
info:      ┃ ┣obs_init_module(mac-virtualcam.so): 0.309 ms
info:      ┃ ┣obs_init_module(mac-vth264.so): 93.583 ms
info:      ┃ ┣obs_init_module(obs-browser.so): 21.683 ms
info:      ┃ ┣obs_init_module(obs-ffmpeg.so): 0.008 ms
info:      ┃ ┣obs_init_module(obs-filters.so): 0.025 ms
info:      ┃ ┣obs_init_module(obs-outputs.so): 0.004 ms
info:      ┃ ┣obs_init_module(obs-transitions.so): 0.005 ms
info:      ┃ ┣obs_init_module(obs-vst.so): 0.002 ms
info:      ┃ ┣obs_init_module(obs-x264.so): 0.001 ms
info:      ┃ ┣obs_init_module(rtmp-services.so): 0.866 ms
info:      ┃ ┣obs_init_module(text-freetype2.so): 0.017 ms
info:      ┃ ┣obs_init_module(vlc-video.so): 0.09 ms
info:      ┃ ┗obs_init_module(obs-websocket.so): 6.831 ms
info:      ┣OBSBasic::ResetOutputs: 10.604 ms
info:      ┣OBSBasic::CreateHotkeys: 0.045 ms
info:      ┣OBSBasic::InitService: 1.386 ms
info:      ┣OBSBasic::InitPrimitives: 0.097 ms
info:      ┗OBSBasic::Load: 115.15 ms
info: obs_hotkey_thread(25 ms): min=0.599 ms, median=1.431 ms, max=6.526 ms, 99th percentile=5.142 ms, 100% below 25 ms
info: audio_thread(Audio): min=0.008 ms, median=0.057 ms, max=1.967 ms, 99th percentile=0.429 ms
info: obs_graphics_thread(33.3333 ms): min=0.114 ms, median=3.42 ms, max=16.578 ms, 99th percentile=14.263 ms, 100% below 33.333 ms
info:  ┣tick_sources: min=0 ms, median=0.026 ms, max=12.581 ms, 99th percentile=0.117 ms
info:  ┣output_frame: min=0.108 ms, median=1.083 ms, max=5.164 ms, 99th percentile=3.056 ms
info:  ┃ ┗gs_context(video->graphics): min=0.108 ms, median=1.082 ms, max=5.163 ms, 99th percentile=3.055 ms
info:  ┃   ┣render_video: min=0.022 ms, median=0.295 ms, max=4.85 ms, 99th percentile=1.746 ms
info:  ┃   ┃ ┗render_main_texture: min=0.02 ms, median=0.264 ms, max=4.814 ms, 99th percentile=1.718 ms
info:  ┃   ┗gs_flush: min=0.084 ms, median=0.759 ms, max=2.648 ms, 99th percentile=2.133 ms
info:  ┗render_displays: min=0.001 ms, median=1.794 ms, max=16.344 ms, 99th percentile=12.612 ms
info: =================================================
info: == Profiler Time Between Calls ==================
info: obs_hotkey_thread(25 ms): min=26.521 ms, median=30.79 ms, max=38.141 ms, 0% within ±2% of 25 ms (0% lower, 100% higher)
info: obs_graphics_thread(33.3333 ms): min=26.538 ms, median=33.341 ms, max=42.071 ms, 27.6316% within ±2% of 33.333 ms (35.5263% lower, 36.8421% higher)
info: =================================================
info: Number of memory leaks: 0
info: Using preferred locale 'en-GB'
info: CPU Name: Apple M1 Max
info: CPU Speed: 2400MHz
info: Physical Cores: 10, Logical Cores: 10
info: Physical Memory: 32768MB Total
info: OS Name: Mac OS X
info: OS Version: Version 12.3.1 (Build 21E258)
info: Kernel Version: 21.4.0
info: hotkeys-cocoa: Using layout 'com.apple.keylayout.Canadian'
info: Current Date/Time: 2022-09-01, 21:36:19
info: Browser Hardware Acceleration: true
info: Portable mode: false
info: OBS 27.1.3 (mac)
info: ---------------------------------
info: ---------------------------------
info: audio settings reset:
	samples per sec: 48000
	speakers:        2
info: ---------------------------------
info: Initializing OpenGL...
info: Loading up OpenGL on adapter Apple Apple M1 Max
info: OpenGL loaded successfully, version 4.1 Metal - 76.3, shading language 4.10
info: ---------------------------------
info: video settings reset:
	base resolution:   1920x1080
	output resolution: 1280x720
	downscale filter:  Bicubic
	fps:               30/1
	format:            NV12
	YUV mode:          709/Partial
info: NV12 texture support not available
info: Audio monitoring device:
	name: Default
	id: default
info: ---------------------------------
warning: Failed to load 'en-GB' text for module: 'coreaudio-encoder.so'
warning: Failed to load 'en-US' text for module: 'decklink-captions.so'
warning: Failed to load 'en-US' text for module: 'decklink-ouput-ui.so'
warning: [Python] Could not load library: libpython3.9.dylib
warning: Failed to load 'en-GB' text for module: 'mac-capture.so'
warning: A DeckLink iterator could not be created.  The DeckLink drivers may not be installed
info: No blackmagic support
info: [mac-virtualcam] version=1.3.0
warning: Failed to load 'en-GB' text for module: 'mac-vth264.so'
info: [VideoToolbox encoder]: Adding VideoToolbox H264 encoders
warning: Failed to load 'en-GB' text for module: 'obs-browser.so'
info: [obs-browser]: Version 2.16.3
info: [obs-browser]: CEF Version 85.0.0-HEAD.2273+g93b66a0+chromium-85.0.4183.121
warning: Failed to load 'en-GB' text for module: 'obs-vst.so'
warning: Failed to load 'en-GB' text for module: 'obs-x264.so'
warning: Failed to load 'en-GB' text for module: 'rtmp-services.so'
info: Couldn't find VLC installation, VLC video source disabled
warning: Failed to load 'en-GB' text for module: 'obs-websocket.so'
info: [obs-websocket] [obs_module_load] you can haz websockets (Version: 5.0.1 | RPC Version: 1)
info: [obs-websocket] [obs_module_load] Qt version (compile-time): 5.15.2 | Qt version (run-time): 5.15.2
info: [obs-websocket] [obs_module_load] Linked ASIO Version: 101201
info: [obs-websocket] [obs_module_load] Module loaded.
info: ---------------------------------
info:   Loaded Modules:
info:     obs-websocket.so
info:     vlc-video.so
info:     text-freetype2.so
info:     rtmp-services.so
info:     obs-x264.so
info:     obs-vst.so
info:     obs-transitions.so
info:     obs-outputs.so
info:     obs-filters.so
info:     obs-ffmpeg.so
info:     obs-browser.so
info:     mac-vth264.so
info:     mac-virtualcam.so
info:     mac-syphon.so
info:     mac-decklink.so
info:     mac-capture.so
info:     mac-avcapture.so
info:     image-source.so
info:     frontend-tools.so
info:     decklink-ouput-ui.so
info:     decklink-captions.so
info:     coreaudio-encoder.so
info: ---------------------------------
info: ==== Startup complete ===============================================
info: All scene data cleared
info: ------------------------------------------------
info: coreaudio: device 'MacBook Pro Microphone' initialized
info: [Loaded global audio device]: 'Mic/Aux'
info: adding 21 milliseconds of audio buffering, total audio buffering is now 21 milliseconds (source: Mic/Aux)

info: Switched to scene 'Scene'
info: ------------------------------------------------
info: Loaded scenes:
info: - scene 'Scene':
info:     - source: 'MONITOR' (display_capture)
info: ------------------------------------------------
warning: signal_handler_connect: signal 'audio_balance' not found
warning: signal_handler_connect: signal 'audio_monitoring' not found
warning: signal_handler_connect: signal 'audio_balance' not found
warning: signal_handler_connect: signal 'audio_monitoring' not found
info: [obs-websocket] [WebSocketServer::onObsLoaded] WebSocket server is enabled, starting...
info: [obs-websocket] [WebSocketServer::Start] Not locked to IPv4 bindings
info: [obs-websocket] [WebSocketServer::ServerRunner] IO thread started.
info: [obs-websocket] [WebSocketServer::Start] Server started successfully on port 4455. Possible connect address: 192.168.1.4
info: ==== Shutting down ==================================================
info: All scene data cleared
info: ------------------------------------------------
info: [obs-websocket] [obs_module_unload] Shutting down...
info: [obs-websocket] [WebSocketServer::ServerRunner] IO thread exited.
info: [obs-websocket] [WebSocketServer::Stop] Server stopped successfully
info: [obs-websocket] [obs_module_unload] Finished shutting down.
info: [Scripting] Total detached callbacks: 0
info: Freeing OBS context data
info: == Profiler Results =============================
info: run_program_init: 2002.36 ms
info:  ┣OBSApp::AppInit: 3.516 ms
info:  ┃ ┗OBSApp::InitLocale: 1.858 ms
info:  ┗OBSApp::OBSInit: 1858.79 ms
info:    ┣obs_startup: 31.047 ms
info:    ┗OBSBasic::OBSInit: 1742.79 ms
info:      ┣OBSBasic::InitBasicConfig: 0.206 ms
info:      ┣OBSBasic::ResetAudio: 0.151 ms
info:      ┣OBSBasic::ResetVideo: 151.405 ms
info:      ┣OBSBasic::InitOBSCallbacks: 0.009 ms
info:      ┣OBSBasic::InitHotkeys: 0.042 ms
info:      ┣obs_load_all_modules: 1435 ms
info:      ┃ ┣obs_init_module(coreaudio-encoder.so): 0.003 ms
info:      ┃ ┣obs_init_module(decklink-captions.so): 0.125 ms
info:      ┃ ┣obs_init_module(decklink-ouput-ui.so): 0.593 ms
info:      ┃ ┣obs_init_module(frontend-tools.so): 3.1 ms
info:      ┃ ┣obs_init_module(image-source.so): 0.007 ms
info:      ┃ ┣obs_init_module(mac-avcapture.so): 1247.21 ms
info:      ┃ ┣obs_init_module(mac-capture.so): 0.042 ms
info:      ┃ ┣obs_init_module(mac-decklink.so): 0.317 ms
info:      ┃ ┣obs_init_module(mac-syphon.so): 0.008 ms
info:      ┃ ┣obs_init_module(mac-virtualcam.so): 0.237 ms
info:      ┃ ┣obs_init_module(mac-vth264.so): 93.36 ms
info:      ┃ ┣obs_init_module(obs-browser.so): 21.84 ms
info:      ┃ ┣obs_init_module(obs-ffmpeg.so): 0.007 ms
info:      ┃ ┣obs_init_module(obs-filters.so): 0.018 ms
info:      ┃ ┣obs_init_module(obs-outputs.so): 0.004 ms
info:      ┃ ┣obs_init_module(obs-transitions.so): 0.005 ms
info:      ┃ ┣obs_init_module(obs-vst.so): 0.002 ms
info:      ┃ ┣obs_init_module(obs-x264.so): 0.001 ms
info:      ┃ ┣obs_init_module(rtmp-services.so): 0.891 ms
info:      ┃ ┣obs_init_module(text-freetype2.so): 0.022 ms
info:      ┃ ┣obs_init_module(vlc-video.so): 0.082 ms
info:      ┃ ┗obs_init_module(obs-websocket.so): 6.84 ms
info:      ┣OBSBasic::ResetOutputs: 10.519 ms
info:      ┣OBSBasic::CreateHotkeys: 0.044 ms
info:      ┣OBSBasic::InitService: 1.385 ms
info:      ┣OBSBasic::InitPrimitives: 0.092 ms
info:      ┗OBSBasic::Load: 100.54 ms
info: obs_hotkey_thread(25 ms): min=0.614 ms, median=1.436 ms, max=4.542 ms, 99th percentile=3.696 ms, 100% below 25 ms
info: audio_thread(Audio): min=0.008 ms, median=0.038 ms, max=0.206 ms, 99th percentile=0.159 ms
info: obs_graphics_thread(33.3333 ms): min=0.133 ms, median=1.509 ms, max=11.464 ms, 99th percentile=9.041 ms, 100% below 33.333 ms
info:  ┣tick_sources: min=0 ms, median=0.011 ms, max=8.807 ms, 99th percentile=0.157 ms
info:  ┣output_frame: min=0.12 ms, median=0.588 ms, max=6.268 ms, 99th percentile=3.579 ms
info:  ┃ ┗gs_context(video->graphics): min=0.12 ms, median=0.587 ms, max=6.268 ms, 99th percentile=3.579 ms
info:  ┃   ┣render_video: min=0.03 ms, median=0.135 ms, max=5.834 ms, 99th percentile=2.278 ms
info:  ┃   ┃ ┗render_main_texture: min=0.027 ms, median=0.124 ms, max=5.816 ms, 99th percentile=2.259 ms
info:  ┃   ┗gs_flush: min=0.078 ms, median=0.454 ms, max=3.06 ms, 99th percentile=2.398 ms
info:  ┗render_displays: min=0.001 ms, median=0.92 ms, max=9.953 ms, 99th percentile=8.272 ms
info: =================================================
info: == Profiler Time Between Calls ==================
info: obs_hotkey_thread(25 ms): min=25.941 ms, median=30.738 ms, max=35.042 ms, 0% within ±2% of 25 ms (0% lower, 100% higher)
info: obs_graphics_thread(33.3333 ms): min=28.495 ms, median=33.328 ms, max=38.511 ms, 43.5185% within ±2% of 33.333 ms (29.6296% lower, 26.8519% higher)
info: =================================================
info: Number of memory leaks: 0
info: Using preferred locale 'en-GB'
info: CPU Name: Apple M1 Max
info: CPU Speed: 2400MHz
info: Physical Cores: 10, Logical Cores: 10
info: Physical Memory: 32768MB Total
info: OS Name: Mac OS X
info: OS Version: Version 12.3.1 (Build 21E258)
info: Kernel Version: 21.4.0
info: hotkeys-cocoa: Using layout 'com.apple.keylayout.Canadian'
info: Current Date/Time: 2022-09-01, 21:36:28
info: Browser Hardware Acceleration: true
info: Portable mode: false
info: OBS 27.1.3 (mac)
info: ---------------------------------
info: ---------------------------------
info: audio settings reset:
	samples per sec: 48000
	speakers:        2
info: ---------------------------------
info: Initializing OpenGL...
info: Loading up OpenGL on adapter Apple Apple M1 Max
info: OpenGL loaded successfully, version 4.1 Metal - 76.3, shading language 4.10
info: ---------------------------------
info: video settings reset:
	base resolution:   1920x1080
	output resolution: 1280x720
	downscale filter:  Bicubic
	fps:               30/1
	format:            NV12
	YUV mode:          709/Partial
info: NV12 texture support not available
info: Audio monitoring device:
	name: Default
	id: default
info: ---------------------------------
warning: Failed to load 'en-GB' text for module: 'coreaudio-encoder.so'
warning: Failed to load 'en-US' text for module: 'decklink-captions.so'
warning: Failed to load 'en-US' text for module: 'decklink-ouput-ui.so'
warning: [Python] Could not load library: libpython3.9.dylib
warning: Failed to load 'en-GB' text for module: 'mac-capture.so'
warning: A DeckLink iterator could not be created.  The DeckLink drivers may not be installed
info: No blackmagic support
info: [mac-virtualcam] version=1.3.0
warning: Failed to load 'en-GB' text for module: 'mac-vth264.so'
info: [VideoToolbox encoder]: Adding VideoToolbox H264 encoders
warning: Failed to load 'en-GB' text for module: 'obs-browser.so'
info: [obs-browser]: Version 2.16.3
info: [obs-browser]: CEF Version 85.0.0-HEAD.2273+g93b66a0+chromium-85.0.4183.121
warning: Failed to load 'en-GB' text for module: 'obs-vst.so'
warning: Failed to load 'en-GB' text for module: 'obs-x264.so'
warning: Failed to load 'en-GB' text for module: 'rtmp-services.so'
info: Couldn't find VLC installation, VLC video source disabled
warning: Failed to load 'en-GB' text for module: 'obs-websocket.so'
info: [obs-websocket] [obs_module_load] you can haz websockets (Version: 5.0.1 | RPC Version: 1)
info: [obs-websocket] [obs_module_load] Qt version (compile-time): 5.15.2 | Qt version (run-time): 5.15.2
info: [obs-websocket] [obs_module_load] Linked ASIO Version: 101201
info: [obs-websocket] [obs_module_load] Module loaded.
info: ---------------------------------
info:   Loaded Modules:
info:     obs-websocket.so
info:     vlc-video.so
info:     text-freetype2.so
info:     rtmp-services.so
info:     obs-x264.so
info:     obs-vst.so
info:     obs-transitions.so
info:     obs-outputs.so
info:     obs-filters.so
info:     obs-ffmpeg.so
info:     obs-browser.so
info:     mac-vth264.so
info:     mac-virtualcam.so
info:     mac-syphon.so
info:     mac-decklink.so
info:     mac-capture.so
info:     mac-avcapture.so
info:     image-source.so
info:     frontend-tools.so
info:     decklink-ouput-ui.so
info:     decklink-captions.so
info:     coreaudio-encoder.so
info: ---------------------------------
info: ==== Startup complete ===============================================
info: All scene data cleared
info: ------------------------------------------------
info: coreaudio: device 'MacBook Pro Microphone' initialized
info: [Loaded global audio device]: 'Mic/Aux'
info: adding 21 milliseconds of audio buffering, total audio buffering is now 21 milliseconds (source: Mic/Aux)

info: Switched to scene 'Scene'
info: ------------------------------------------------
info: Loaded scenes:
info: - scene 'Scene':
info:     - source: 'MONITOR' (display_capture)
info: ------------------------------------------------
warning: signal_handler_connect: signal 'audio_balance' not found
warning: signal_handler_connect: signal 'audio_monitoring' not found
warning: signal_handler_connect: signal 'audio_balance' not found
warning: signal_handler_connect: signal 'audio_monitoring' not found
info: [obs-websocket] [WebSocketServer::onObsLoaded] WebSocket server is enabled, starting...
info: [obs-websocket] [WebSocketServer::Start] Not locked to IPv4 bindings
info: [obs-websocket] [WebSocketServer::ServerRunner] IO thread started.
info: [obs-websocket] [WebSocketServer::Start] Server started successfully on port 4455. Possible connect address: 192.168.1.4
info: ==== Shutting down ==================================================
info: All scene data cleared
info: ------------------------------------------------
info: [obs-websocket] [obs_module_unload] Shutting down...
info: [obs-websocket] [WebSocketServer::ServerRunner] IO thread exited.
info: [obs-websocket] [WebSocketServer::Stop] Server stopped successfully
info: [obs-websocket] [obs_module_unload] Finished shutting down.
info: [Scripting] Total detached callbacks: 0
info: Freeing OBS context data
info: == Profiler Results =============================
info: run_program_init: 2981.91 ms
info:  ┣OBSApp::AppInit: 3.452 ms
info:  ┃ ┗OBSApp::InitLocale: 1.806 ms
info:  ┗OBSApp::OBSInit: 2856.93 ms
info:    ┣obs_startup: 29.951 ms
info:    ┗OBSBasic::OBSInit: 2742.06 ms
info:      ┣OBSBasic::InitBasicConfig: 0.199 ms
info:      ┣OBSBasic::ResetAudio: 0.147 ms
info:      ┣OBSBasic::ResetVideo: 151.424 ms
info:      ┣OBSBasic::InitOBSCallbacks: 0.007 ms
info:      ┣OBSBasic::InitHotkeys: 0.044 ms
info:      ┣obs_load_all_modules: 2423.84 ms
info:      ┃ ┣obs_init_module(coreaudio-encoder.so): 0.003 ms
info:      ┃ ┣obs_init_module(decklink-captions.so): 0.122 ms
info:      ┃ ┣obs_init_module(decklink-ouput-ui.so): 0.542 ms
info:      ┃ ┣obs_init_module(frontend-tools.so): 3.1 ms
info:      ┃ ┣obs_init_module(image-source.so): 0.008 ms
info:      ┃ ┣obs_init_module(mac-avcapture.so): 2239.35 ms
info:      ┃ ┣obs_init_module(mac-capture.so): 0.026 ms
info:      ┃ ┣obs_init_module(mac-decklink.so): 0.334 ms
info:      ┃ ┣obs_init_module(mac-syphon.so): 0.019 ms
info:      ┃ ┣obs_init_module(mac-virtualcam.so): 0.143 ms
info:      ┃ ┣obs_init_module(mac-vth264.so): 92.63 ms
info:      ┃ ┣obs_init_module(obs-browser.so): 21.448 ms
info:      ┃ ┣obs_init_module(obs-ffmpeg.so): 0.007 ms
info:      ┃ ┣obs_init_module(obs-filters.so): 0.017 ms
info:      ┃ ┣obs_init_module(obs-outputs.so): 0.004 ms
info:      ┃ ┣obs_init_module(obs-transitions.so): 0.005 ms
info:      ┃ ┣obs_init_module(obs-vst.so): 0.002 ms
info:      ┃ ┣obs_init_module(obs-x264.so): 0.001 ms
info:      ┃ ┣obs_init_module(rtmp-services.so): 0.867 ms
info:      ┃ ┣obs_init_module(text-freetype2.so): 0.025 ms
info:      ┃ ┣obs_init_module(vlc-video.so): 0.131 ms
info:      ┃ ┗obs_init_module(obs-websocket.so): 6.919 ms
info:      ┣OBSBasic::ResetOutputs: 10.769 ms
info:      ┣OBSBasic::CreateHotkeys: 0.046 ms
info:      ┣OBSBasic::InitService: 1.407 ms
info:      ┣OBSBasic::InitPrimitives: 0.103 ms
info:      ┗OBSBasic::Load: 109.816 ms
info: obs_hotkey_thread(25 ms): min=0.6 ms, median=1.546 ms, max=5.666 ms, 99th percentile=5.389 ms, 100% below 25 ms
info: audio_thread(Audio): min=0.008 ms, median=0.039 ms, max=1.316 ms, 99th percentile=0.889 ms
info: obs_graphics_thread(33.3333 ms): min=0.122 ms, median=1.189 ms, max=14.773 ms, 99th percentile=13.982 ms, 100% below 33.333 ms
info:  ┣tick_sources: min=0 ms, median=0.008 ms, max=7.293 ms, 99th percentile=0.341 ms
info:  ┣output_frame: min=0.117 ms, median=0.678 ms, max=5.745 ms, 99th percentile=3.957 ms
info:  ┃ ┗gs_context(video->graphics): min=0.117 ms, median=0.677 ms, max=5.743 ms, 99th percentile=3.955 ms
info:  ┃   ┣render_video: min=0.019 ms, median=0.153 ms, max=2.951 ms, 99th percentile=1.154 ms
info:  ┃   ┃ ┗render_main_texture: min=0.017 ms, median=0.137 ms, max=2.918 ms, 99th percentile=1.129 ms
info:  ┃   ┗gs_flush: min=0.075 ms, median=0.503 ms, max=5.272 ms, 99th percentile=2.936 ms
info:  ┗render_displays: min=0.001 ms, median=0.588 ms, max=11.695 ms, 99th percentile=10.079 ms
info: =================================================
info: == Profiler Time Between Calls ==================
info: obs_hotkey_thread(25 ms): min=25.712 ms, median=30.774 ms, max=35.743 ms, 0% within ±2% of 25 ms (0% lower, 100% higher)
info: obs_graphics_thread(33.3333 ms): min=27.504 ms, median=33.332 ms, max=38.361 ms, 33.7349% within ±2% of 33.333 ms (34.3373% lower, 31.9277% higher)
info: =================================================
info: Number of memory leaks: 0
